c:\users\arpit\desktop\windows drivers youtube\demo youtube\6fings\6fings\x64\release\vc143.pdb
c:\users\arpit\desktop\windows drivers youtube\demo youtube\6fings\6fings\x64\release\6fings.obj
c:\users\arpit\desktop\windows drivers youtube\demo youtube\6fings\x64\release\6fings\6fings.cat
c:\users\arpit\desktop\windows drivers youtube\demo youtube\6fings\x64\release\6fings.sys
c:\users\arpit\desktop\windows drivers youtube\demo youtube\6fings\x64\release\6fings.pdb
c:\users\arpit\desktop\windows drivers youtube\demo youtube\6fings\6fings\x64\release\6fings.inf
c:\users\arpit\desktop\windows drivers youtube\demo youtube\6fings\x64\release\6fings.cer
c:\users\arpit\desktop\windows drivers youtube\demo youtube\6fings\x64\release\6fings.inf
c:\users\arpit\desktop\windows drivers youtube\demo youtube\6fings\6fings\x64\release\6fings.tlog\cl.command.1.tlog
c:\users\arpit\desktop\windows drivers youtube\demo youtube\6fings\6fings\x64\release\6fings.tlog\cl.items.tlog
c:\users\arpit\desktop\windows drivers youtube\demo youtube\6fings\6fings\x64\release\6fings.tlog\cl.read.1.tlog
c:\users\arpit\desktop\windows drivers youtube\demo youtube\6fings\6fings\x64\release\6fings.tlog\cl.write.1.tlog
c:\users\arpit\desktop\windows drivers youtube\demo youtube\6fings\6fings\x64\release\6fings.tlog\inf2cat-expand.10016.read.1.tlog
c:\users\arpit\desktop\windows drivers youtube\demo youtube\6fings\6fings\x64\release\6fings.tlog\inf2cat-expand.10016.write.1.tlog
c:\users\arpit\desktop\windows drivers youtube\demo youtube\6fings\6fings\x64\release\6fings.tlog\inf2cat-expand.read.1.tlog
c:\users\arpit\desktop\windows drivers youtube\demo youtube\6fings\6fings\x64\release\6fings.tlog\inf2cat-expand.write.1.tlog
c:\users\arpit\desktop\windows drivers youtube\demo youtube\6fings\6fings\x64\release\6fings.tlog\inf2cat.command.1.tlog
c:\users\arpit\desktop\windows drivers youtube\demo youtube\6fings\6fings\x64\release\6fings.tlog\inf2cat.read.1.tlog
c:\users\arpit\desktop\windows drivers youtube\demo youtube\6fings\6fings\x64\release\6fings.tlog\inf2cat.write.1.tlog
c:\users\arpit\desktop\windows drivers youtube\demo youtube\6fings\6fings\x64\release\6fings.tlog\link.command.1.tlog
c:\users\arpit\desktop\windows drivers youtube\demo youtube\6fings\6fings\x64\release\6fings.tlog\link.read.1.tlog
c:\users\arpit\desktop\windows drivers youtube\demo youtube\6fings\6fings\x64\release\6fings.tlog\link.write.1.tlog
c:\users\arpit\desktop\windows drivers youtube\demo youtube\6fings\6fings\x64\release\6fings.tlog\signtool.command.1.tlog
c:\users\arpit\desktop\windows drivers youtube\demo youtube\6fings\6fings\x64\release\6fings.tlog\signtool.read.1.tlog
c:\users\arpit\desktop\windows drivers youtube\demo youtube\6fings\6fings\x64\release\6fings.tlog\signtool.timestamp.1.tlog
c:\users\arpit\desktop\windows drivers youtube\demo youtube\6fings\6fings\x64\release\6fings.tlog\signtool.write.1.tlog
c:\users\arpit\desktop\windows drivers youtube\demo youtube\6fings\6fings\x64\release\6fings.tlog\stampinf.command.1.tlog
c:\users\arpit\desktop\windows drivers youtube\demo youtube\6fings\6fings\x64\release\6fings.tlog\stampinf.read.1.tlog
c:\users\arpit\desktop\windows drivers youtube\demo youtube\6fings\6fings\x64\release\6fings.tlog\stampinf.write.1.tlog
